Using pre-set license
Built from '2021.1/release' branch; Version is '2021.1.4f1 (4cd64a618c1b) revision 5035594'; Using compiler version '192528614'; Build Type 'Release'
OS: 'Windows 10 Home; OS build 19041.928; Version 2004; 64bit' Language: 'en' Physical Memory: 7985 MB
BatchMode: 1, IsHumanControllingUs: 0, StartBugReporterOnCrash: 0, Is64bit: 1, IsPro: 0

 COMMAND LINE ARGUMENTS:
C:\Program Files (x86)\Microsoft Visual Studio\2019\Community\Common7\IDE\2021.1.4f1\Editor\Unity.exe
-adb2
-batchMode
-noUpm
-name
AssetImportWorker0
-projectPath
C:/Users/rafae/Desktop/insper/7 semestre/jogos/bate-max
-logFile
Logs/AssetImportWorker0.log
-srvPort
63028
Successfully changed project path to: C:/Users/rafae/Desktop/insper/7 semestre/jogos/bate-max
C:/Users/rafae/Desktop/insper/7 semestre/jogos/bate-max
Using Asset Import Pipeline V2.
Refreshing native plugins compatible for Editor in 41.15 ms, found 0 plugins.
Preloading 0 native plugins for Editor in 0.00 ms.
Initialize engine version: 2021.1.4f1 (4cd64a618c1b)
[Subsystems] Discovering subsystems at path C:/Program Files (x86)/Microsoft Visual Studio/2019/Community/Common7/IDE/2021.1.4f1/Editor/Data/Resources/UnitySubsystems
[Subsystems] Discovering subsystems at path C:/Users/rafae/Desktop/insper/7 semestre/jogos/bate-max/Assets
GfxDevice: creating device client; threaded=0; jobified=0
Direct3D:
    Version:  Direct3D 11.0 [level 11.1]
    Renderer: NVIDIA GeForce GTX 1650 Ti (ID=0x1f95)
    Vendor:   NVIDIA
    VRAM:     3962 MB
    Driver:   27.21.14.6172
Initialize mono
Mono path[0] = 'C:/Program Files (x86)/Microsoft Visual Studio/2019/Community/Common7/IDE/2021.1.4f1/Editor/Data/Managed'
Mono path[1] = 'C:/Program Files (x86)/Microsoft Visual Studio/2019/Community/Common7/IDE/2021.1.4f1/Editor/Data/MonoBleedingEdge/lib/mono/unityjit'
Mono config path = 'C:/Program Files (x86)/Microsoft Visual Studio/2019/Community/Common7/IDE/2021.1.4f1/Editor/Data/MonoBleedingEdge/etc'
Using monoOptions --debugger-agent=transport=dt_socket,embedding=1,server=y,suspend=n,address=127.0.0.1:56908
Begin MonoManager ReloadAssembly
Registering precompiled unity dll's ...
Register platform support module: C:/Program Files (x86)/Microsoft Visual Studio/2019/Community/Common7/IDE/2021.1.4f1/Editor/Data/PlaybackEngines/MacStandaloneSupport/UnityEditor.OSXStandalone.Extensions.dll
Register platform support module: C:/Program Files (x86)/Microsoft Visual Studio/2019/Community/Common7/IDE/2021.1.4f1/Editor/Data/PlaybackEngines/WindowsStandaloneSupport/UnityEditor.WindowsStandalone.Extensions.dll
Register platform support module: C:/Program Files (x86)/Microsoft Visual Studio/2019/Community/Common7/IDE/2021.1.4f1/Editor/Data/PlaybackEngines/LinuxStandaloneSupport/UnityEditor.LinuxStandalone.Extensions.dll
Registered in 0.003870 seconds.
Native extension for LinuxStandalone target not found
Native extension for WindowsStandalone target not found
Native extension for OSXStandalone target not found
Refreshing native plugins compatible for Editor in 25.97 ms, found 0 plugins.
Preloading 0 native plugins for Editor in 0.00 ms.
Mono: successfully reloaded assembly
- Completed reload, in  2.927 seconds
Platform modules already initialized, skipping
Registering precompiled user dll's ...
Registered in 0.003393 seconds.
Begin MonoManager ReloadAssembly
Native extension for LinuxStandalone target not found
Native extension for WindowsStandalone target not found
Native extension for OSXStandalone target not found
Refreshing native plugins compatible for Editor in 0.38 ms, found 0 plugins.
Preloading 0 native plugins for Editor in 0.00 ms.
Mono: successfully reloaded assembly
- Completed reload, in  0.845 seconds
Platform modules already initialized, skipping
========================================================================
Worker process is ready to serve import requests
Launched and connected shader compiler UnityShaderCompiler.exe after 0.06 seconds
Refreshing native plugins compatible for Editor in 0.32 ms, found 0 plugins.
Preloading 0 native plugins for Editor in 0.00 ms.
Unloading 1274 Unused Serialized files (Serialized files now loaded: 0)
System memory in use before: 63.3 MB.
System memory in use after: 63.4 MB.

Unloading 18 unused Assets to reduce memory usage. Loaded Objects now: 1723.
Total: 7.858500 ms (FindLiveObjects: 0.385300 ms CreateObjectMapping: 0.217000 ms MarkObjects: 6.920300 ms  DeleteObjects: 0.332500 ms)

========================================================================
Received Import Request.
  path: Assets/Photon/Resources/PhotonAppSettings.asset
  artifactKey: Guid(ff6361931d2673e4793743e4de465cf6) Importer(815301076,1909f56bfc062723c751e8b465ee728b)
Start importing Assets/Photon/Resources/PhotonAppSettings.asset using Guid(ff6361931d2673e4793743e4de465cf6) Importer(815301076,1909f56bfc062723c751e8b465ee728b)  -> (artifact id: 'b8af9591f4fb6c8c36b18c79f9a36898') in 0.051481 seconds 
========================================================================
Received Prepare
Registering precompiled user dll's ...
Registered in 0.004600 seconds.
Begin MonoManager ReloadAssembly
Native extension for LinuxStandalone target not found
Native extension for WindowsStandalone target not found
Native extension for OSXStandalone target not found
Refreshing native plugins compatible for Editor in 0.31 ms, found 0 plugins.
Preloading 0 native plugins for Editor in 0.00 ms.
Mono: successfully reloaded assembly
- Completed reload, in  0.809 seconds
Platform modules already initialized, skipping
Refreshing native plugins compatible for Editor in 0.28 ms, found 0 plugins.
Preloading 0 native plugins for Editor in 0.00 ms.
Unloading 1280 Unused Serialized files (Serialized files now loaded: 0)
System memory in use before: 63.6 MB.
System memory in use after: 63.7 MB.

Unloading 13 unused Assets to reduce memory usage. Loaded Objects now: 1737.
Total: 1.387400 ms (FindLiveObjects: 0.130500 ms CreateObjectMapping: 0.041000 ms MarkObjects: 1.202600 ms  DeleteObjects: 0.012300 ms)

========================================================================
Received Import Request.
  Time since last request: 264.634758 seconds.
  path: Assets/Photon/Resources
  artifactKey: Guid(b45b61d6db3e37b4e9a6861bf5579848) Importer(815301076,1909f56bfc062723c751e8b465ee728b)
Start importing Assets/Photon/Resources using Guid(b45b61d6db3e37b4e9a6861bf5579848) Importer(815301076,1909f56bfc062723c751e8b465ee728b)  -> (artifact id: '70d8cac264cf8ff8b04cd2b39928123a') in 0.012333 seconds 
